1767901040: mosquitto version 2.0.22 starting
1767901040: Config loaded from /mosquitto/config/mosquitto.conf.
1767901040: Opening ipv4 listen socket on port 1883.
1767901040: Opening ipv6 listen socket on port 1883.
1767901040: mosquitto version 2.0.22 running
1767901085: New connection from ::1:34992 on port 1883.
1767901085: New client connected from ::1:34992 as auto-86F79785-E477-0067-A7C9-2FC42AE3BD76 (p2, c1, k60).
1767901103: New connection from ::1:58802 on port 1883.
1767901103: New client connected from ::1:58802 as auto-C06735B4-1AEC-F895-8BC1-848E9A6C33A9 (p2, c1, k60).
1767901103: Client auto-C06735B4-1AEC-F895-8BC1-848E9A6C33A9 disconnected.
1767901118: Client auto-86F79785-E477-0067-A7C9-2FC42AE3BD76 disconnected.
1767901245: New connection from ::1:53812 on port 1883.
1767901245: New client connected from ::1:53812 as auto-EB42A298-DE92-F3A0-908E-0130F9F0B844 (p2, c1, k60).
1767901248: New connection from ::1:38346 on port 1883.
1767901248: New client connected from ::1:38346 as auto-B441A6F5-448A-3A5F-F4F7-A27A167CFCF3 (p2, c1, k60).
1767901248: Client auto-B441A6F5-448A-3A5F-F4F7-A27A167CFCF3 disconnected.
1767901249: New connection from ::1:38350 on port 1883.
1767901249: New client connected from ::1:38350 as auto-C2F68AB4-627B-AF22-2F83-5D4E0F4078FA (p2, c1, k60).
1767901249: Client auto-C2F68AB4-627B-AF22-2F83-5D4E0F4078FA disconnected.
1767901252: Client auto-EB42A298-DE92-F3A0-908E-0130F9F0B844 disconnected.
1767901849: New connection from ::1:45886 on port 1883.
1767901849: New client connected from ::1:45886 as auto-C4897C30-A2FF-4CDB-89A8-9321EF05C785 (p2, c1, k60).
1767901849: Client auto-C4897C30-A2FF-4CDB-89A8-9321EF05C785 disconnected.
